<?xml version="1.0" encoding="UTF-8"?>
<testsuites name="Mocha Tests" time="0.0000" tests="2" failures="1">
  <testsuite name="Root Suite" timestamp="2020-07-07T06:06:06" tests="0" file="cypress\integration\User.js" time="0.0000" failures="0">
  </testsuite>
  <testsuite name="Verify User" timestamp="2020-07-07T06:06:06" tests="2" time="0.0000" failures="1">
    <testcase name="Verify User &quot;before each&quot; hook for &quot;Verify Create User&quot;" time="0.0000" classname="&quot;before each&quot; hook for &quot;Verify Create User&quot;">
      <failure message="Timed out retrying: Expected to find element: `#email`, but never found it.

Because this error occurred during a `before each` hook we are skipping the remaining tests in the current suite: `Verify User`" type="AssertionError"><![CDATA[AssertionError: Timed out retrying: Expected to find element: `#email`, but never found it.

Because this error occurred during a `before each` hook we are skipping the remaining tests in the current suite: `Verify User`
    at ensureExistence (https://nerve-uat.kudabank.com/__cypress/runner/cypress_runner.js:137673:32)
    at Object.ensureElExistence (https://nerve-uat.kudabank.com/__cypress/runner/cypress_runner.js:137691:12)
    at ensureExistence (https://nerve-uat.kudabank.com/__cypress/runner/cypress_runner.js:127867:23)
    at onFailFn (https://nerve-uat.kudabank.com/__cypress/runner/cypress_runner.js:127905:9)
    at tryCatcher (https://nerve-uat.kudabank.com/__cypress/runner/cypress_runner.js:9065:23)
    at Promise._settlePromiseFromHandler (https://nerve-uat.kudabank.com/__cypress/runner/cypress_runner.js:7000:31)
    at Promise._settlePromise (https://nerve-uat.kudabank.com/__cypress/runner/cypress_runner.js:7057:18)
    at Promise._settlePromise0 (https://nerve-uat.kudabank.com/__cypress/runner/cypress_runner.js:7102:10)
    at Promise._settlePromises (https://nerve-uat.kudabank.com/__cypress/runner/cypress_runner.js:7178:18)
    at _drainQueueStep (https://nerve-uat.kudabank.com/__cypress/runner/cypress_runner.js:3772:12)
    at _drainQueue (https://nerve-uat.kudabank.com/__cypress/runner/cypress_runner.js:3765:9)
    at Async.../../node_modules/bluebird/js/release/async.js.Async._drainQueues (https://nerve-uat.kudabank.com/__cypress/runner/cypress_runner.js:3781:5)
    at Async.drainQueues (https://nerve-uat.kudabank.com/__cypress/runner/cypress_runner.js:3651:14)]]></failure>
    </testcase>
  </testsuite>
</testsuites>