<?xml version="1.0" encoding="UTF-8"?>
<testsuites name="Mocha Tests" time="0.0000" tests="1" failures="1">
  <testsuite name="Root Suite" timestamp="2022-06-27T14:43:54" tests="0" file="cypress/e2e/teams.cy.js" time="0.0000" failures="0">
  </testsuite>
  <testsuite name="Team Functionalities" timestamp="2022-06-27T14:43:54" tests="1" time="0.0000" failures="1">
    <testcase name="Team Functionalities &quot;before each&quot; hook for &quot;Should be able to edit team &quot;" time="0.0000" classname="&quot;before each&quot; hook for &quot;Should be able to edit team &quot;">
      <failure message="Timed out retrying after 80000ms: Expected to find element: `.topnav_page-title &gt; p`, but never found it.

Because this error occurred during a `before each` hook we are skipping the remaining tests in the current suite: `Team Functionalities`" type="AssertionError"><![CDATA[AssertionError: Timed out retrying after 80000ms: Expected to find element: `.topnav_page-title > p`, but never found it.

Because this error occurred during a `before each` hook we are skipping the remaining tests in the current suite: `Team Functionalities`
    at Object.validLogin (https://app-kwiksell.bluegreensoft.com/__cypress/tests?p=cypress/e2e/teams.cy.js:173:6)
    at Context.eval (https://app-kwiksell.bluegreensoft.com/__cypress/tests?p=cypress/e2e/teams.cy.js:110:12)]]></failure>
    </testcase>
  </testsuite>
</testsuites>