<?xml version="1.0" encoding="UTF-8"?>
<testsuites name="Mocha Tests" time="0.0000" tests="6" failures="1">
  <testsuite name="Root Suite" timestamp="2022-06-27T14:36:48" tests="0" file="cypress/e2e/channels.cy.js" time="0.0000" failures="0">
  </testsuite>
  <testsuite name="Root Suite" timestamp="2022-06-27T14:36:48" tests="0" file="cypress/e2e/channels.cy.js" time="0.0000" failures="0">
  </testsuite>
  <testsuite name="Channel Functionalities" timestamp="2022-06-27T14:36:48" tests="3" time="0.0000" failures="0">
  </testsuite>
  <testsuite name="Channel Functionalities" timestamp="2022-06-27T14:36:48" tests="3" time="0.0000" failures="1">
    <testcase name="Channel Functionalities &quot;before all&quot; hook for &quot;Should be able to view store &quot;" time="0.0000" classname="&quot;before all&quot; hook for &quot;Should be able to view store &quot;">
      <failure message="Timed out retrying after 80000ms: Expected to find element: `.topnav_page-title &gt; p`, but never found it.

Because this error occurred during a `before all` hook we are skipping the remaining tests in the current suite: `Channel Functionalities`" type="AssertionError"><![CDATA[AssertionError: Timed out retrying after 80000ms: Expected to find element: `.topnav_page-title > p`, but never found it.

Because this error occurred during a `before all` hook we are skipping the remaining tests in the current suite: `Channel Functionalities`
    at Object.validLogin (https://app-kwiksell.bluegreensoft.com/__cypress/tests?p=cypress/e2e/channels.cy.js:210:6)
    at Context.eval (https://app-kwiksell.bluegreensoft.com/__cypress/tests?p=cypress/e2e/channels.cy.js:110:12)]]></failure>
    </testcase>
  </testsuite>
</testsuites>