<?xml version="1.0" encoding="UTF-8"?>
<testsuites name="Mocha Tests" time="9.7120" tests="4" failures="2">
  <testsuite name="Root Suite" timestamp="2022-06-27T14:38:37" tests="0" file="cypress/e2e/login.cy.js" time="0.0000" failures="0">
  </testsuite>
  <testsuite name="Log Test" timestamp="2022-06-27T14:38:37" tests="4" time="9.7120" failures="2">
    <testcase name="Log Test Verify Invalid Login" time="7.4030" classname="Verify Invalid Login">
    </testcase>
    <testcase name="Log Test Verify valid Login" time="0.0000" classname="Verify valid Login">
      <failure message="Timed out retrying after 80000ms: Expected to find element: `.topnav_page-title &gt; p`, but never found it." type="AssertionError"><![CDATA[AssertionError: Timed out retrying after 80000ms: Expected to find element: `.topnav_page-title > p`, but never found it.
    at Context.eval (https://app-kwiksell.bluegreensoft.com/__cypress/tests?p=cypress/e2e/login.cy.js:122:8)]]></failure>
    </testcase>
    <testcase name="Log Test Verify logout" time="0.0000" classname="Verify logout">
      <failure message="Timed out retrying after 80000ms: Expected to find element: `.sidenav-footer &gt; .nav &gt; :nth-child(2) &gt; .nav-link`, but never found it." type="AssertionError"><![CDATA[AssertionError: Timed out retrying after 80000ms: Expected to find element: `.sidenav-footer > .nav > :nth-child(2) > .nav-link`, but never found it.
    at Context.eval (https://app-kwiksell.bluegreensoft.com/__cypress/tests?p=cypress/e2e/login.cy.js:125:8)]]></failure>
    </testcase>
    <testcase name="Log Test Forgot Password" time="2.3090" classname="Forgot Password">
    </testcase>
  </testsuite>
</testsuites>