<?xml version="1.0" encoding="UTF-8"?>
<testsuites name="Mocha Tests" time="0.0000" tests="2" failures="1">
  <testsuite name="Root Suite" timestamp="2022-06-27T14:42:01" tests="0" file="cypress/e2e/settings.cy.js" time="0.0000" failures="0">
  </testsuite>
  <testsuite name="setttings Functionalities" timestamp="2022-06-27T14:42:01" tests="2" time="0.0000" failures="1">
    <testcase name="setttings Functionalities &quot;before each&quot; hook for &quot;Should be able to edit profile &quot;" time="0.0000" classname="&quot;before each&quot; hook for &quot;Should be able to edit profile &quot;">
      <failure message="Timed out retrying after 80000ms: Expected to find element: `.topnav_page-title &gt; p`, but never found it.

Because this error occurred during a `before each` hook we are skipping the remaining tests in the current suite: `setttings Functionalities`" type="AssertionError"><![CDATA[AssertionError: Timed out retrying after 80000ms: Expected to find element: `.topnav_page-title > p`, but never found it.

Because this error occurred during a `before each` hook we are skipping the remaining tests in the current suite: `setttings Functionalities`
    at Object.validLogin (https://app-kwiksell.bluegreensoft.com/__cypress/tests?p=cypress/e2e/settings.cy.js:159:6)
    at Context.eval (https://app-kwiksell.bluegreensoft.com/__cypress/tests?p=cypress/e2e/settings.cy.js:110:12)]]></failure>
    </testcase>
  </testsuite>
</testsuites>